
ROM used:   88/8192 (1%)
            88/8192 (1%) including unused fragments

            0.1 Average locations per line
            5.5 Average locations per statement

RAM used:   7/368 (2%) at main() level
            8/368 (2%) worst case

Stack used: 1 worst case (1 in main + 0 for interrupts)
Stack size: 8

Lines Stmts  %   Files
----- ----- ---  -----
   13    13  81  main.c
   21     3  19  main.h
  671     0   0  16F877A.h
----- -----
  705    16 Total

Page ROM  %  RAM   Vol Diff  Functions:
---- --- --- ---   --- ----  ----------
0     20  23    1             @delay_ms1
0     27  31    0    74  1.6  setup
0     37  42    1   160  1.8  MAIN
 Inline         0             @cinit1

Program metrics:
    Functions               2
    Statements              16
    Comments                120
    Volume (V)              292
    Difficulty (D)          3.2
    Effort to implement (E) 925
    Time to implement (T)   1 minutes
    Est Delivered Bugs (B)  0
    Cyclomatic Complexity   1
    Maintainability (MI)    84

 Segment     Used  Free
-----------  ----  ----
00000-00003     4  0  
00004-007FF    84  1960  
00800-00FFF     0  2048  
01000-017FF     0  2048  
01800-01FFF     0  2048  



