
ROM used:   438/8192 (5%)
            438/8192 (5%) including unused fragments

            0.4 Average locations per line
            3.9 Average locations per statement

RAM used:   25/368 (7%) at main() level
            39/368 (11%) worst case

Stack used: 4 worst case (4 in main + 0 for interrupts)
Stack size: 8

Lines Stmts  %   Files
----- ----- ---  -----
   19     7   6  main.c
   23     0   0  main.h
  671     0   0  ..\..\..\..\..\..\phan_mem\PICC\Devices\16F877A.h
  473   106  94  ..\..\..\..\..\..\phan_mem\PICC\Drivers\LCD.c
----- -----
 1186   113 Total

Page ROM  %  RAM   Vol Diff  Functions:
---- --- --- ---   --- ----  ----------
0     20   5    1             @delay_ms1
 Inline         3   760  4.5  lcd_read_byte
0     49  11    2   262  3.7  lcd_read_nibble
0     48  11    1   399  2.4  lcd_send_nibble
0     94  21    3   415  3.7  lcd_send_byte
0     70  16    6   852  6.2  lcd_init
0     18   4    4   208  6.3  lcd_gotoxy
 Inline         1   354  4.7  lcd_putc
0     69  16    3    80  2.7  lcd_puts
0     66  15   20   209  3.2  MAIN
 Inline         0             @cinit1

Program metrics:
    Functions               9
    Statements              113
    Comments                223
    Volume (V)              5440
    Difficulty (D)          37.3
    Effort to implement (E) 202693
    Time to implement (T)   3 hours, 8 minutes
    Est Delivered Bugs (B)  1
    Cyclomatic Complexity   8
    Maintainability (MI)    146

 Segment     Used  Free
-----------  ----  ----
00000-00003     4  0  
00004-007FF   434  1610  
00800-00FFF     0  2048  
01000-017FF     0  2048  
01800-01FFF     0  2048  



