
ROM used:   703/8192 (9%)
            703/8192 (9%) including unused fragments

            0.6 Average locations per line
            5.9 Average locations per statement

RAM used:   30/368 (8%) at main() level
            43/368 (12%) worst case

Stack used: 4 worst case (4 in main + 0 for interrupts)
Stack size: 8

Lines Stmts  %   Files
----- ----- ---  -----
   26    13  11  main.c
   23     0   0  main.h
  671     0   0  ..\..\..\..\..\phan_mem\PICC\Devices\16F877A.h
  473   106  89  ..\..\..\..\..\phan_mem\PICC\Drivers\LCD.c
----- -----
 1193   119 Total

Page ROM  %  RAM   Vol Diff  Functions:
---- --- --- ---   --- ----  ----------
0     20   3    1             @delay_ms1
 Inline         3   760  4.5  lcd_read_byte
0     49   7    2   262  3.7  lcd_read_nibble
0     48   7    1   399  2.4  lcd_send_nibble
0     94  13    3   415  3.7  lcd_send_byte
0     70  10    6   852  6.2  lcd_init
0     18   3    4   208  6.3  lcd_gotoxy
 Inline         1   354  4.7  lcd_putc
0     71  10    3    80  2.7  lcd_puts
0     91  13   23   341  3.2  MAIN
0      6   1    0             @const665
0     13   2    1             @SPRINTF
0     89  13    5             @PSTRINGCN7_667
0    130  18    9             @PRINTF_LD_667
 Inline         0             @cinit1

Program metrics:
    Functions               9
    Statements              119
    Comments                224
    Volume (V)              5657
    Difficulty (D)          36.7
    Effort to implement (E) 207540
    Time to implement (T)   3 hours, 12 minutes
    Est Delivered Bugs (B)  1
    Cyclomatic Complexity   8
    Maintainability (MI)    145

 Segment     Used  Free
-----------  ----  ----
00000-00003     4  0  
00004-007FF   699  1345  
00800-00FFF     0  2048  
01000-017FF     0  2048  
01800-01FFF     0  2048  



