
ROM used:   188/8192 (2%)
            188/8192 (2%) including unused fragments

            0.3 Average locations per line
            6.5 Average locations per statement

RAM used:   5/368 (1%) at main() level
            12/368 (3%) worst case

Stack used: 2 worst case (2 in main + 0 for interrupts)
Stack size: 8

Lines Stmts  %   Files
----- ----- ---  -----
   14     5  17  main.c
   59    24  83  main.h
  671     0   0  ..\..\..\..\..\..\phan_mem\PICC\Devices\16F877A.h
----- -----
  744    29 Total

Page ROM  %  RAM   Vol Diff  Functions:
---- --- --- ---   --- ----  ----------
0     20  11    1             @delay_ms1
0     49  26    5   206  4.5  blink_leds
0     40  21    4   253  6.0  run_leds_r2l
0     37  20    4   225  5.0  run_leds_l2r
0     38  20    0   108  2.1  MAIN
 Inline         0             @cinit1

Program metrics:
    Functions               4
    Statements              29
    Comments                120
    Volume (V)              1115
    Difficulty (D)          17.1
    Effort to implement (E) 19091
    Time to implement (T)   18 minutes
    Est Delivered Bugs (B)  0
    Cyclomatic Complexity   5
    Maintainability (MI)    150

 Segment     Used  Free
-----------  ----  ----
00000-00003     4  0  
00004-007FF   184  1860  
00800-00FFF     0  2048  
01000-017FF     0  2048  
01800-01FFF     0  2048  



