
ROM used:   390/8192 (5%)
            390/8192 (5%) including unused fragments

            0.5 Average locations per line
            4.8 Average locations per statement

RAM used:   6/368 (2%) at main() level
            12/368 (3%) worst case

Stack used: 2 worst case (2 in main + 0 for interrupts)
Stack size: 8

Lines Stmts  %   Files
----- ----- ---  -----
   14     5   6  main.c
   22     2   2  main.h
  671     0   0  ..\..\..\..\..\..\phan_mem\PICC\Devices\16F877A.h
   61    75  91  keypad.h
----- -----
  768    82 Total

Page ROM  %  RAM   Vol Diff  Functions:
---- --- --- ---   --- ----  ----------
0     22   6    1             @delay_ms1
0     20   5    0             @const621
0    192  49    3  2536  5.9  scan_keypad
0    116  30    1    65  2.5  print_key
0      5   1    0    65  2.5  @const633
 Inline         5   204  4.5  @PSTRINGCN7_9600_62_63
0     31   8    1    88  2.0  MAIN
 Inline         0    88  2.0  @cinit1

Program metrics:
    Functions               6
    Statements              82
    Comments                119
    Volume (V)              3717
    Difficulty (D)          21.3
    Effort to implement (E) 79043
    Time to implement (T)   1 hours, 13 minutes
    Est Delivered Bugs (B)  1
    Cyclomatic Complexity   20
    Maintainability (MI)    123

 Segment     Used  Free
-----------  ----  ----
00000-00003     4  0  
00004-007FF   386  1658  
00800-00FFF     0  2048  
01000-017FF     0  2048  
01800-01FFF     0  2048  



