
ROM used:   258/8192 (3%)
            258/8192 (3%) including unused fragments

            0.4 Average locations per line
            28.7 Average locations per statement

RAM used:   17/368 (5%) at main() level
            21/368 (6%) worst case

Stack used: 2 worst case (1 in main + 1 for interrupts)
Stack size: 8

Lines Stmts  %   Files
----- ----- ---  -----
   29     9 100  main.c
   17     0   0  main.h
  671     0   0  ..\..\..\..\..\..\phan_mem\PICC\Devices\16F877A.h
----- -----
  717     9 Total

Page ROM  %  RAM   Vol Diff  Functions:
---- --- --- ---   --- ----  ----------
0     22   9    1             @delay_ms1
0     21   8    1   114  3.4  int_UART
0     39  15    1    88  1.5  MAIN
0      5   2    0             @const629
0     90  35    4             @PSTRINGC7_9600_62_63
 Inline         0             @cinit1

Program metrics:
    Functions               2
    Statements              9
    Comments                121
    Volume (V)              257
    Difficulty (D)          4.1
    Effort to implement (E) 1064
    Time to implement (T)   1 minutes
    Est Delivered Bugs (B)  0
    Cyclomatic Complexity   1
    Maintainability (MI)    97

 Segment     Used  Free
-----------  ----  ----
00000-00003     4  0  
00004-00050    77  0  
00051-007FF   177  1790  
00800-00FFF     0  2048  
01000-017FF     0  2048  
01800-01FFF     0  2048  



