
ROM used:   134/8192 (2%)
            134/8192 (2%) including unused fragments

            0.2 Average locations per line
            19.1 Average locations per statement

RAM used:   5/368 (1%) at main() level
            13/368 (4%) worst case

Stack used: 2 worst case (2 in main + 0 for interrupts)
Stack size: 8

Lines Stmts  %   Files
----- ----- ---  -----
   10     3  43  main.c
   19     4  57  main.h
  671     0   0  ..\..\..\..\..\..\phan_mem\PICC\Devices\16F877A.h
----- -----
  700     7 Total

Page ROM  %  RAM   Vol Diff  Functions:
---- --- --- ---   --- ----  ----------
0     20  15    1             @delay_ms1
0     56  42    5    98  2.0  blink
0     32  24    6    42  1.7  @WRITEBITA
0     22  16    0    42  1.7  MAIN
 Inline         0             @cinit1

Program metrics:
    Functions               3
    Statements              7
    Comments                119
    Volume (V)              257
    Difficulty (D)          5.4
    Effort to implement (E) 1400
    Time to implement (T)   1 minutes
    Est Delivered Bugs (B)  0
    Cyclomatic Complexity   1
    Maintainability (MI)    118

 Segment     Used  Free
-----------  ----  ----
00000-00003     4  0  
00004-007FF   130  1914  
00800-00FFF     0  2048  
01000-017FF     0  2048  
01800-01FFF     0  2048  



