CCS PCM C Compiler, Version 5.015, 5967               21-Jul-23 11:26

               Filename:   D:\cd\PIC_16F887A\Project\PIC C\led_blink\main\main.lst

               ROM used:   134 words (2%)
                           Largest free fragment is 2048
               RAM used:   5 (1%) at main() level
                           13 (4%) worst case
               Stack used: 2 locations
               Stack size: 8

*
0000:  MOVLW  00
0001:  MOVWF  0A
0002:  GOTO   070
0003:  NOP
.................... #include <main.h> 
.................... #include <16F877A.h> 
.................... //////////// Standard Header file for the PIC16F877A device //////////////// 
.................... /////////////////////////////////////////////////////////////////////////// 
.................... ////        (C) Copyright 1996, 2013 Custom Computer Services          //// 
.................... //// This source code may only be used by licensed users of the CCS C  //// 
.................... //// compiler.  This source code may only be distributed to other      //// 
.................... //// licensed users of the CCS C compiler.  No other use, reproduction //// 
.................... //// or distribution is permitted without written permission.          //// 
.................... //// Derivative programs created using this software in object code    //// 
.................... //// form are not restricted in any way.                               //// 
.................... /////////////////////////////////////////////////////////////////////////// 
.................... #device PIC16F877A 
0004:  MOVF   25,W
0005:  ANDLW  07
0006:  MOVWF  77
0007:  RRF    25,W
0008:  MOVWF  78
0009:  RRF    78,F
000A:  RRF    78,F
000B:  MOVLW  1F
000C:  ANDWF  78,F
000D:  MOVF   78,W
000E:  ADDWF  27,W
000F:  MOVWF  04
0010:  BCF    03.7
0011:  BTFSC  28.0
0012:  BSF    03.7
0013:  CLRF   78
0014:  INCF   78,F
0015:  INCF   77,F
0016:  GOTO   018
0017:  RLF    78,F
0018:  DECFSZ 77,F
0019:  GOTO   017
001A:  MOVF   26,F
001B:  BTFSC  03.2
001C:  GOTO   020
001D:  MOVF   78,W
001E:  IORWF  00,F
001F:  GOTO   023
0020:  COMF   78,F
0021:  MOVF   78,W
0022:  ANDWF  00,F
0023:  RETURN
....................  
.................... #list 
....................  
.................... #device ADC = 16 
....................  
.................... #FUSES HS                       // thach anh ngoai toc do cao 
.................... #FUSES NOWDT                    //No Watch Dog Timer 
.................... #FUSES NOBROWNOUT               //No brownout reset 
.................... #FUSES NOLVP                    //No low voltage prgming, B3(PIC16) or B5(PIC18) used for I/O 
....................  
.................... #use delay(crystal = 20M) 
0024:  MOVLW  26
0025:  MOVWF  04
0026:  BCF    03.7
0027:  MOVF   00,W
0028:  BTFSC  03.2
0029:  GOTO   037
002A:  MOVLW  06
002B:  MOVWF  78
002C:  CLRF   77
002D:  DECFSZ 77,F
002E:  GOTO   02D
002F:  DECFSZ 78,F
0030:  GOTO   02C
0031:  MOVLW  7B
0032:  MOVWF  77
0033:  DECFSZ 77,F
0034:  GOTO   033
0035:  DECFSZ 00,F
0036:  GOTO   02A
0037:  RETURN
....................  
.................... #define LED PIN_B0 
....................  
.................... void blink(int16 pin, unsigned int16 ms) { 
....................    output_high(pin);   
0038:  MOVF   21,W
0039:  MOVWF  25
003A:  MOVLW  01
003B:  MOVWF  26
003C:  CLRF   28
003D:  CLRF   27
003E:  CALL   004
003F:  MOVF   21,W
0040:  MOVWF  25
0041:  CLRF   26
0042:  CLRF   28
0043:  MOVLW  80
0044:  MOVWF  27
0045:  CALL   004
....................    delay_ms(ms);   
0046:  MOVF   24,W
0047:  MOVWF  25
0048:  INCF   25,F
0049:  DECF   25,F
004A:  BTFSC  03.2
004B:  GOTO   050
004C:  MOVLW  FF
004D:  MOVWF  26
004E:  CALL   024
004F:  GOTO   049
0050:  MOVF   23,W
0051:  MOVWF  26
0052:  CALL   024
....................    output_low(pin);     
0053:  MOVF   21,W
0054:  MOVWF  25
0055:  CLRF   26
0056:  CLRF   28
0057:  CLRF   27
0058:  CALL   004
0059:  MOVF   21,W
005A:  MOVWF  25
005B:  CLRF   26
005C:  CLRF   28
005D:  MOVLW  80
005E:  MOVWF  27
005F:  CALL   004
....................    delay_ms(ms); 
0060:  MOVF   24,W
0061:  MOVWF  25
0062:  INCF   25,F
0063:  DECF   25,F
0064:  BTFSC  03.2
0065:  GOTO   06A
0066:  MOVLW  FF
0067:  MOVWF  26
0068:  CALL   024
0069:  GOTO   063
006A:  MOVF   23,W
006B:  MOVWF  26
006C:  CALL   024
006D:  BCF    0A.3
006E:  BCF    0A.4
006F:  GOTO   084 (RETURN)
.................... } 
....................  
....................  
.................... void main() 
0070:  MOVF   03,W
0071:  ANDLW  1F
0072:  MOVWF  03
0073:  BSF    03.5
0074:  BSF    1F.0
0075:  BSF    1F.1
0076:  BSF    1F.2
0077:  BCF    1F.3
0078:  MOVLW  07
0079:  MOVWF  1C
007A:  BCF    03.7
.................... { 
....................    while (TRUE) 
....................    { 
....................       blink(LED, 1000); 
007B:  BCF    03.5
007C:  CLRF   22
007D:  MOVLW  30
007E:  MOVWF  21
007F:  MOVLW  03
0080:  MOVWF  24
0081:  MOVLW  E8
0082:  MOVWF  23
0083:  GOTO   038
0084:  GOTO   07C
....................    } 
.................... } 
0085:  SLEEP

Configuration Fuses:
   Word  1: 3F32   HS NOWDT PUT NOBROWNOUT NOLVP NOCPD NOWRT NODEBUG NOPROTECT
