
ROM used:   157/8192 (2%)
            157/8192 (2%) including unused fragments

            0.2 Average locations per line
            7.1 Average locations per statement

RAM used:   15/368 (4%) at main() level
            23/368 (6%) worst case

Stack used: 2 worst case (2 in main + 0 for interrupts)
Stack size: 8

Lines Stmts  %   Files
----- ----- ---  -----
   11     3  14  main.c
   26     5  23  main.h
  671     0   0  ..\..\..\..\..\..\phan_mem\PICC\Devices\16F877A.h
   30    14  64  Led7seg_2dig.h
----- -----
  738    22 Total

Page ROM  %  RAM   Vol Diff  Functions:
---- --- --- ---   --- ----  ----------
0     20  13    1             @delay_ms1
 Inline         4   372  3.9  display_led7seg
0     21  13    3             @DIV88
0     77  49    3   165  4.0  countUp
0     35  22    0    27  1.0  MAIN
 Inline         0             @cinit1

Program metrics:
    Functions               3
    Statements              22
    Comments                120
    Volume (V)              712
    Difficulty (D)          9.1
    Effort to implement (E) 6448
    Time to implement (T)   6 minutes
    Est Delivered Bugs (B)  0
    Cyclomatic Complexity   1
    Maintainability (MI)    92

 Segment     Used  Free
-----------  ----  ----
00000-00003     4  0  
00004-007FF   153  1891  
00800-00FFF     0  2048  
01000-017FF     0  2048  
01800-01FFF     0  2048  



