
ROM used:   64/8192 (1%)
            64/8192 (1%) including unused fragments

            0.1 Average locations per line
            4.0 Average locations per statement

RAM used:   5/368 (1%) at main() level
            5/368 (1%) worst case

Stack used: 0 worst case (0 in main + 0 for interrupts)
Stack size: 8

Lines Stmts  %   Files
----- ----- ---  -----
   26    16 100  main.c
   22     0   0  main.h
  671     0   0  ..\..\..\..\..\..\phan_mem\PICC\Devices\16F877A.h
----- -----
  719    16 Total

Page ROM  %  RAM   Vol Diff  Functions:
---- --- --- ---   --- ----  ----------
0     60  94    0   381  2.8  main
 Inline         0             @cinit1

Program metrics:
    Functions               1
    Statements              16
    Comments                120
    Volume (V)              383
    Difficulty (D)          2.7
    Effort to implement (E) 1048
    Time to implement (T)   1 minutes
    Est Delivered Bugs (B)  0
    Cyclomatic Complexity   3
    Maintainability (MI)    47

 Segment     Used  Free
-----------  ----  ----
00000-00003     4  0  
00004-007FF    60  1984  
00800-00FFF     0  2048  
01000-017FF     0  2048  
01800-01FFF     0  2048  



