
ROM used:   658/8192 (8%)
            658/8192 (8%) including unused fragments

            0.5 Average locations per line
            5.1 Average locations per statement

RAM used:   31/368 (8%) at main() level
            67/368 (18%) worst case

Stack used: 5 worst case (5 in main + 0 for interrupts)
Stack size: 8

Lines Stmts  %   Files
----- ----- ---  -----
   19     8   6  main.c
   54    16  12  main.h
  671     0   0  ..\..\..\..\..\..\phan_mem\PICC\Devices\16F877A.h
  473   106  82  ..\..\..\..\..\..\phan_mem\PICC\Drivers\LCD.c
----- -----
 1217   130 Total

Page ROM  %  RAM   Vol Diff  Functions:
---- --- --- ---   --- ----  ----------
0     20   3    1             @delay_ms1
 Inline         3   760  4.5  lcd_read_byte
0     49   7    2   262  3.7  lcd_read_nibble
0     48   7    1   399  2.4  lcd_send_nibble
0     94  14    3   415  3.7  lcd_send_byte
0     70  11    6   852  6.2  lcd_init
0     18   3    4   208  6.3  lcd_gotoxy
 Inline         1   354  4.7  lcd_putc
0     69  10    3    85  2.0  lcd_puts
0     24   4    8   117  3.0  init_RTC
0     64  10   24   461  4.4  start_RTC
0     13   2    1             @SPRINTF
0     21   3    3             @DIV88
0     87  13    6             @PRINTF_D0_671
0     77  12   24   290  3.6  MAIN
 Inline         0             @cinit1

Program metrics:
    Functions               11
    Statements              130
    Comments                221
    Volume (V)              6707
    Difficulty (D)          44.3
    Effort to implement (E) 296932
    Time to implement (T)   4 hours, 35 minutes
    Est Delivered Bugs (B)  1
    Cyclomatic Complexity   11
    Maintainability (MI)    128

 Segment     Used  Free
-----------  ----  ----
00000-00003     4  0  
00004-007FF   654  1390  
00800-00FFF     0  2048  
01000-017FF     0  2048  
01800-01FFF     0  2048  



